e:\users\neil\desktop\school\comp345\warzone345_team25\warzone_t25\x64\debug\vc142.pdb
e:\users\neil\desktop\school\comp345\warzone345_team25\warzone_t25\x64\debug\vc142.idb
e:\users\neil\desktop\school\comp345\warzone345_team25\warzone_t25\x64\debug\maploaderdriver.obj
e:\users\neil\desktop\school\comp345\warzone345_team25\warzone_t25\x64\debug\maploader.obj
e:\users\neil\desktop\school\comp345\warzone345_team25\warzone_t25\x64\debug\warzone_t25.obj
e:\users\neil\desktop\school\comp345\warzone345_team25\warzone_t25\x64\debug\territorydummy.obj
e:\users\neil\desktop\school\comp345\warzone345_team25\warzone_t25\x64\debug\playerdriver.obj
e:\users\neil\desktop\school\comp345\warzone345_team25\warzone_t25\x64\debug\player.obj
e:\users\neil\desktop\school\comp345\warzone345_team25\warzone_t25\x64\debug\orderlistdummy.obj
e:\users\neil\desktop\school\comp345\warzone345_team25\warzone_t25\x64\debug\orderdummy.obj
e:\users\neil\desktop\school\comp345\warzone345_team25\warzone_t25\x64\debug\cardsdriver.obj
e:\users\neil\desktop\school\comp345\warzone345_team25\warzone_t25\x64\debug\cards.obj
e:\users\neil\desktop\school\comp345\warzone345_team25\warzone_t25\x64\debug\mapdrivercpp.obj
e:\users\neil\desktop\school\comp345\warzone345_team25\warzone_t25\x64\debug\map.obj
e:\users\neil\desktop\school\comp345\warzone345_team25\warzone_t25\x64\debug\handdummy.obj
e:\users\neil\desktop\school\comp345\warzone345_team25\warzone_t25\x64\debug\carddummy.obj
e:\users\neil\desktop\school\comp345\warzone345_team25\warzone_t25\x64\debug\warzone_t25.ilk
e:\users\neil\desktop\school\comp345\warzone345_team25\warzone_t25\x64\debug\warzone_t25.exe
e:\users\neil\desktop\school\comp345\warzone345_team25\warzone_t25\x64\debug\warzone_t25.pdb
e:\users\neil\desktop\school\comp345\warzone345_team25\warzone_t25\x64\debug\warzone_t25.tlog\cl.command.1.tlog
e:\users\neil\desktop\school\comp345\warzone345_team25\warzone_t25\x64\debug\warzone_t25.tlog\cl.read.1.tlog
e:\users\neil\desktop\school\comp345\warzone345_team25\warzone_t25\x64\debug\warzone_t25.tlog\cl.write.1.tlog
e:\users\neil\desktop\school\comp345\warzone345_team25\warzone_t25\x64\debug\warzone_t25.tlog\link.command.1.tlog
e:\users\neil\desktop\school\comp345\warzone345_team25\warzone_t25\x64\debug\warzone_t25.tlog\link.read.1.tlog
e:\users\neil\desktop\school\comp345\warzone345_team25\warzone_t25\x64\debug\warzone_t25.tlog\link.write.1.tlog
