  CardDUMMY.cpp
  HandDUMMY.cpp
  Map.cpp
E:\Users\Neil\Desktop\School\COMP345\Warzone345_team25\Warzone_T25\Map.cpp(1,10): warning C4067: unexpected tokens following preprocessor directive - expected a newline
E:\Users\Neil\Desktop\School\COMP345\Warzone345_team25\Warzone_T25\Map.cpp(2,10): warning C4067: unexpected tokens following preprocessor directive - expected a newline
E:\Users\Neil\Desktop\School\COMP345\Warzone345_team25\Warzone_T25\Map.cpp(3,9): warning C4067: unexpected tokens following preprocessor directive - expected a newline
E:\Users\Neil\Desktop\School\COMP345\Warzone345_team25\Warzone_T25\Map.cpp(4,9): warning C4067: unexpected tokens following preprocessor directive - expected a newline
E:\Users\Neil\Desktop\School\COMP345\Warzone345_team25\Warzone_T25\Map.cpp(117,44): warning C4267: 'initializing': conversion from 'size_t' to 'int', possible loss of data
E:\Users\Neil\Desktop\School\COMP345\Warzone345_team25\Warzone_T25\Map.cpp(144,2): warning C4267: 'initializing': conversion from 'size_t' to 'int', possible loss of data
E:\Users\Neil\Desktop\School\COMP345\Warzone345_team25\Warzone_T25\Map.cpp(178,32): warning C4267: 'initializing': conversion from 'size_t' to 'int', possible loss of data
E:\Users\Neil\Desktop\School\COMP345\Warzone345_team25\Warzone_T25\Map.cpp(234,25): warning C4267: 'initializing': conversion from 'size_t' to 'int', possible loss of data
  MapDrivercpp.cpp
E:\Users\Neil\Desktop\School\COMP345\Warzone345_team25\Warzone_T25\MapDrivercpp.cpp(3,9): warning C4067: unexpected tokens following preprocessor directive - expected a newline
  Cards.cpp
  CardsDriver.cpp
  OrderDUMMY.cpp
  OrderListDUMMY.cpp
  Player.cpp
  PlayerDriver.cpp
  TerritoryDUMMY.cpp
  Warzone_T25.cpp
E:\Users\Neil\Desktop\School\COMP345\Warzone345_team25\Warzone_T25\Warzone_T25.cpp(4,9): warning C4067: unexpected tokens following preprocessor directive - expected a newline
E:\Users\Neil\Desktop\School\COMP345\Warzone345_team25\Warzone_T25\Warzone_T25.cpp(5,9): warning C4067: unexpected tokens following preprocessor directive - expected a newline
E:\Users\Neil\Desktop\School\COMP345\Warzone345_team25\Warzone_T25\Warzone_T25.cpp(6,10): warning C4067: unexpected tokens following preprocessor directive - expected a newline
E:\Users\Neil\Desktop\School\COMP345\Warzone345_team25\Warzone_T25\Warzone_T25.cpp(7,9): warning C4067: unexpected tokens following preprocessor directive - expected a newline
  MapLoader.cpp
E:\Users\Neil\Desktop\School\COMP345\Warzone345_team25\Warzone_T25\MapLoader.cpp(181,32): warning C4101: 'ife': unreferenced local variable
E:\Users\Neil\Desktop\School\COMP345\Warzone345_team25\Warzone_T25\MapLoader.cpp(184,33): warning C4101: 'mee': unreferenced local variable
E:\Users\Neil\Desktop\School\COMP345\Warzone345_team25\Warzone_T25\MapLoader.cpp(187,34): warning C4101: 'dme': unreferenced local variable
  MapLoaderDriver.cpp
  Generating Code...
  Warzone_T25.vcxproj -> E:\Users\Neil\Desktop\School\COMP345\Warzone345_team25\Warzone_T25\x64\Debug\Warzone_T25.exe
